[35m[Appium][39m Welcome to Appium v1.22.3
[35m[Appium][39m Non-default server args:
[35m[Appium][39m   port: 54838
[35m[Appium][39m   loglevel: info
[35m[Appium][39m   tmpDir: C:\Users\Admin\AppData\Local\Temp\\Katalon\Appium\Temp1669110801327
[35m[Appium][39m   chromedriverPort: 54839
[35m[Appium][39m Deprecated server args:
[35m[Appium][39m   [31m--chromedriver-port[39m => --default-capabilities
[35m[Appium][39m Default capabilities, which will be added to each request unless overridden by desired capabilities:
[35m[Appium][39m   chromedriverPort: 54839
[35m[Appium][39m Appium REST http interface listener started on 0.0.0.0:54838
[35m[HTTP][39m [37m-->[39m [37mGET[39m [37m/wd/hub/status[39m
[35m[HTTP][39m [90m{}[39m
[35m[HTTP][39m [37m<-- GET /wd/hub/status [39m[32m200[39m [90m7 ms - 68[39m
[35m[HTTP][39m [90m[39m
[35m[HTTP][39m [37m-->[39m [37mGET[39m [37m/wd/hub/status[39m
[35m[HTTP][39m [90m{}[39m
[35m[HTTP][39m [37m<-- GET /wd/hub/status [39m[32m200[39m [90m1 ms - 68[39m
[35m[HTTP][39m [90m[39m
[35m[HTTP][39m [37m-->[39m [37mPOST[39m [37m/wd/hub/session[39m
[35m[HTTP][39m [90m{"desiredCapabilities":{"appPackage":"com.android.settings","deviceId":"","deviceName":"samsung SM-M315F (Android 12)","platform":"ANDROID","appActivity":".Settings","newCommandTimeout":1800,"platformVersion":"12","automationName":"uiautomator2","autoGrantPermissions":true,"platformName":"Android","udid":"RZ8N31QHYTB","systemPort":8289},"capabilities":{"firstMatch":[{"appium:appActivity":".Settings","appium:appPackage":"com.android.settings","appium:autoGrantPermissions":true,"appium:automationName":"uiautomator2","deviceId":"","appium:deviceName":"samsung SM-M315F (Android 12)","appium:newCommandTimeout":1800,"platform":"ANDROID","platformName":"android","appium:platformVersion":"12","appium:systemPort":8289,"appium:udid":"RZ8N31QHYTB"}]}}[39m
[35m[BaseDriver][39m The following capabilities are not standard capabilities and should have an extension prefix:
[35m[BaseDriver][39m   deviceId
[35m[BaseDriver][39m   platform
[35m[BaseDriver][39m   chromedriverPort
[35m[Appium][39m Appium v1.22.3 creating new AndroidUiautomator2Driver (v1.70.1) session
[35m[BaseDriver][39m The following capabilities were provided, but are not recognized by Appium:
[35m[BaseDriver][39m   deviceId
[35m[BaseDriver][39m   platform
[35m[BaseDriver][39m Session created with session id: 6693041f-e98f-4c35-ac35-5c5062451e90
[35m[UiAutomator2][39m Starting 'com.android.settings' directly on the device
[35m[ADB][39m Found 1 'build-tools' folders under 'C:\Users\Admin\Desktop\cmdline-tools\bin' (newest first):
[35m[ADB][39m     C:/Users/Admin/Desktop/cmdline-tools/bin/build-tools/29.0.3
[35m[ADB][39m Using 'adb.exe' from 'C:\Users\Admin\Desktop\cmdline-tools\bin\platform-tools\adb.exe'
[35m[AndroidDriver][39m Retrieving device list
[35m[AndroidDriver][39m Using device: RZ8N31QHYTB
[35m[ADB][39m Using 'adb.exe' from 'C:\Users\Admin\Desktop\cmdline-tools\bin\platform-tools\adb.exe'
[35m[ADB][39m Getting device platform version
[35m[UiAutomator2][39m Relaxing hidden api policy
[35m[AndroidDriver][39m No app sent in, not parsing package/activity
[35m[ADB][39m Using 'apksigner.jar' from 'C:\Users\Admin\Desktop\cmdline-tools\bin\build-tools\29.0.3\lib\apksigner.jar'
[35m[ADB][39m 'C:\Users\Admin\AppData\Roaming\npm\node_modules\appium\node_modules\appium-uiautomator2-server\apks\appium-uiautomator2-server-v4.27.0.apk' is signed with the default certificate
[35m[ADB][39m 'C:\Users\Admin\AppData\Roaming\npm\node_modules\appium\node_modules\appium-uiautomator2-server\apks\appium-uiautomator2-server-debug-androidTest.apk' is signed with the default certificate
[35m[UiAutomator2][39m Server packages are not going to be (re)installed
[35m[ADB][39m Adding packages ["io.appium.settings","io.appium.uiautomator2.server","io.appium.uiautomator2.server.test"] to Doze whitelist
[35m[UiAutomator2][39m Starting UIAutomator2 server 4.27.0
[35m[UiAutomator2][39m Using UIAutomator2 server from 'C:\Users\Admin\AppData\Roaming\npm\node_modules\appium\node_modules\appium-uiautomator2-server\apks\appium-uiautomator2-server-v4.27.0.apk' and test from 'C:\Users\Admin\AppData\Roaming\npm\node_modules\appium\node_modules\appium-uiautomator2-server\apks\appium-uiautomator2-server-debug-androidTest.apk'
[35m[UiAutomator2][39m Waiting up to 30000ms for UiAutomator2 to be online...
[35m[WD Proxy][39m socket hang up
[35m[WD Proxy][39m socket hang up
[35m[WD Proxy][39m Determined the downstream protocol as 'W3C'
[35m[AndroidDriver][39m Screen already unlocked, doing nothing
[35m[UiAutomator2][39m Starting 'com.android.settings/.Settings and waiting for 'com.android.settings/.Settings'
[35m[Appium][39m New AndroidUiautomator2Driver session created successfully, session 6693041f-e98f-4c35-ac35-5c5062451e90 added to master session list
[35m[HTTP][39m [37m<-- POST /wd/hub/session [39m[32m200[39m [90m9378 ms - 1186[39m
[35m[HTTP][39m [90m[39m
[35m[HTTP][39m [37m-->[39m [37mGET[39m [37m/wd/hub/session/6693041f-e98f-4c35-ac35-5c5062451e90[39m
[35m[HTTP][39m [90m{}[39m
[35m[HTTP][39m [37m<-- GET /wd/hub/session/6693041f-e98f-4c35-ac35-5c5062451e90 [39m[32m200[39m [90m14 ms - 1140[39m
[35m[HTTP][39m [90m[39m
[35m[HTTP][39m [37m-->[39m [37mGET[39m [37m/wd/hub/session/6693041f-e98f-4c35-ac35-5c5062451e90[39m
[35m[HTTP][39m [90m{}[39m
[35m[HTTP][39m [37m<-- GET /wd/hub/session/6693041f-e98f-4c35-ac35-5c5062451e90 [39m[32m200[39m [90m16 ms - 1140[39m
[35m[HTTP][39m [90m[39m
[35m[HTTP][39m [37m-->[39m [37mGET[39m [37m/wd/hub/status[39m
[35m[HTTP][39m [90m{}[39m
[35m[HTTP][39m [37m<-- GET /wd/hub/status [39m[32m200[39m [90m1 ms - 68[39m
[35m[HTTP][39m [90m[39m
[35m[HTTP][39m [37m-->[39m [37mPOST[39m [37m/wd/hub/session/6693041f-e98f-4c35-ac35-5c5062451e90/timeouts[39m
[35m[HTTP][39m [90m{"implicit":60000}[39m
[35m[HTTP][39m [37m<-- POST /wd/hub/session/6693041f-e98f-4c35-ac35-5c5062451e90/timeouts [39m[32m200[39m [90m2 ms - 14[39m
[35m[HTTP][39m [90m[39m
[35m[HTTP][39m [37m-->[39m [37mGET[39m [37m/wd/hub/session/6693041f-e98f-4c35-ac35-5c5062451e90/screenshot[39m
[35m[HTTP][39m [90m{}[39m
[35m[HTTP][39m [37m<-- GET /wd/hub/session/6693041f-e98f-4c35-ac35-5c5062451e90/screenshot [39m[32m200[39m [90m669 ms - 204606[39m
[35m[HTTP][39m [90m[39m
[35m[HTTP][39m [37m-->[39m [37mGET[39m [37m/wd/hub/session/6693041f-e98f-4c35-ac35-5c5062451e90/window/rect[39m
[35m[HTTP][39m [90m{}[39m
[35m[HTTP][39m [37m<-- GET /wd/hub/session/6693041f-e98f-4c35-ac35-5c5062451e90/window/rect [39m[32m200[39m [90m14 ms - 50[39m
[35m[HTTP][39m [90m[39m
[35m[HTTP][39m [37m-->[39m [37mGET[39m [37m/wd/hub/session/6693041f-e98f-4c35-ac35-5c5062451e90/appium/device/system_bars[39m
[35m[HTTP][39m [90m{}[39m
[35m[HTTP][39m [37m<-- GET /wd/hub/session/6693041f-e98f-4c35-ac35-5c5062451e90/appium/device/system_bars [39m[32m200[39m [90m89 ms - 145[39m
[35m[HTTP][39m [90m[39m
[35m[HTTP][39m [37m-->[39m [37mPOST[39m [37m/wd/hub/session/6693041f-e98f-4c35-ac35-5c5062451e90/appium/device/activate_app[39m
[35m[HTTP][39m [90m{"bundleId":"com.inventam.wallpaper"}[39m
[35m[HTTP][39m [37m<-- POST /wd/hub/session/6693041f-e98f-4c35-ac35-5c5062451e90/appium/device/activate_app [39m[32m200[39m [90m629 ms - 14[39m
[35m[HTTP][39m [90m[39m
[35m[HTTP][39m [37m-->[39m [37mGET[39m [37m/wd/hub/session/6693041f-e98f-4c35-ac35-5c5062451e90/source[39m
[35m[HTTP][39m [90m{}[39m
[35m[W3C (6693041f)][39m Driver proxy active, passing request on via HTTP proxy
[35m[WD Proxy][39m Replacing sessionId 520b69e6-1123-41a4-87c3-2a632ac593f9 with 6693041f-e98f-4c35-ac35-5c5062451e90
[35m[HTTP][39m [37m<-- GET /wd/hub/session/6693041f-e98f-4c35-ac35-5c5062451e90/source [39m[32m200[39m [90m532 ms - 12099[39m
[35m[HTTP][39m [90m[39m
[35m[HTTP][39m [37m-->[39m [37mGET[39m [37m/wd/hub/session/6693041f-e98f-4c35-ac35-5c5062451e90/screenshot[39m
[35m[HTTP][39m [90m{}[39m
[35m[HTTP][39m [37m<-- GET /wd/hub/session/6693041f-e98f-4c35-ac35-5c5062451e90/screenshot [39m[32m200[39m [90m728 ms - 206040[39m
[35m[HTTP][39m [90m[39m
[35m[HTTP][39m [37m-->[39m [37mGET[39m [37m/wd/hub/session/6693041f-e98f-4c35-ac35-5c5062451e90/source[39m
[35m[HTTP][39m [90m{}[39m
[35m[W3C (6693041f)][39m Driver proxy active, passing request on via HTTP proxy
[35m[WD Proxy][39m Replacing sessionId 520b69e6-1123-41a4-87c3-2a632ac593f9 with 6693041f-e98f-4c35-ac35-5c5062451e90
[35m[HTTP][39m [37m<-- GET /wd/hub/session/6693041f-e98f-4c35-ac35-5c5062451e90/source [39m[32m200[39m [90m116 ms - 12099[39m
[35m[HTTP][39m [90m[39m
[35m[HTTP][39m [37m-->[39m [37mGET[39m [37m/wd/hub/session/6693041f-e98f-4c35-ac35-5c5062451e90/screenshot[39m
[35m[HTTP][39m [90m{}[39m
[35m[HTTP][39m [37m<-- GET /wd/hub/session/6693041f-e98f-4c35-ac35-5c5062451e90/screenshot [39m[32m200[39m [90m786 ms - 205896[39m
[35m[HTTP][39m [90m[39m
[35m[HTTP][39m [37m-->[39m [37mGET[39m [37m/wd/hub/session/6693041f-e98f-4c35-ac35-5c5062451e90/source[39m
[35m[HTTP][39m [90m{}[39m
[35m[W3C (6693041f)][39m Driver proxy active, passing request on via HTTP proxy
[35m[WD Proxy][39m Replacing sessionId 520b69e6-1123-41a4-87c3-2a632ac593f9 with 6693041f-e98f-4c35-ac35-5c5062451e90
[35m[HTTP][39m [37m<-- GET /wd/hub/session/6693041f-e98f-4c35-ac35-5c5062451e90/source [39m[32m200[39m [90m138 ms - 12099[39m
[35m[HTTP][39m [90m[39m
[35m[HTTP][39m [37m-->[39m [37mGET[39m [37m/wd/hub/session/6693041f-e98f-4c35-ac35-5c5062451e90/screenshot[39m
[35m[HTTP][39m [90m{}[39m
[35m[HTTP][39m [37m<-- GET /wd/hub/session/6693041f-e98f-4c35-ac35-5c5062451e90/screenshot [39m[32m200[39m [90m768 ms - 205896[39m
[35m[HTTP][39m [90m[39m
[35m[HTTP][39m [37m-->[39m [37mPOST[39m [37m/wd/hub/session/6693041f-e98f-4c35-ac35-5c5062451e90/elements[39m
[35m[HTTP][39m [90m{"using":"xpath","value":"//*[@class = 'android.widget.ImageView' and @resource-id = '' and (@text = '' or . = '')]"}[39m
[35m[HTTP][39m [37m<-- POST /wd/hub/session/6693041f-e98f-4c35-ac35-5c5062451e90/elements [39m[32m200[39m [90m332 ms - 267[39m
[35m[HTTP][39m [90m[39m
[35m[HTTP][39m [37m-->[39m [37mPOST[39m [37m/wd/hub/session/6693041f-e98f-4c35-ac35-5c5062451e90/elements[39m
[35m[HTTP][39m [90m{"using":"accessibility id","value":"Sign in with Google"}[39m
[35m[HTTP][39m [37m<-- POST /wd/hub/session/6693041f-e98f-4c35-ac35-5c5062451e90/elements [39m[32m200[39m [90m87 ms - 139[39m
[35m[HTTP][39m [90m[39m
[35m[HTTP][39m [37m-->[39m [37mDELETE[39m [37m/wd/hub/session/6693041f-e98f-4c35-ac35-5c5062451e90[39m
[35m[HTTP][39m [90m{}[39m
[35m[Appium][39m Removing session 6693041f-e98f-4c35-ac35-5c5062451e90 from our master session list
[35m[UiAutomator2][39m Restoring hidden api policy to the device default configuration
[35m[HTTP][39m [37m<-- DELETE /wd/hub/session/6693041f-e98f-4c35-ac35-5c5062451e90 [39m[32m200[39m [90m462 ms - 14[39m
[35m[HTTP][39m [90m[39m
